
ROM used:   250/8192 (3%)
            250/8192 (3%) including unused fragments

            0.3 Average locations per line
            4.5 Average locations per statement

RAM used:   8/368 (2%) at main() level
            10/368 (3%) worst case

Stack used: 0 worst case (0 in main + 0 for interrupts)
Stack size: 8

Lines Stmts  %   Files
----- ----- ---  -----
   79    56 100  main.c
   10     0   0  main.h
  661     0   0  ..\..\..\..\Program Files (x86)\PICC\Devices\16F877A.h
----- -----
  750    56 Total

Page ROM  %  RAM   Vol Diff  Functions:
---- --- --- ---   --- ----  ----------
0     20   8    1             @delay_ms1
0     14   6    0             @const621
0    193  77    1  1295  7.3  butonmap
0     19   8    0    27  1.0  MAIN
 Inline         0             @cinit1

Program metrics:
    Functions               2
    Statements              56
    Comments                110
    Volume (V)              1387
    Difficulty (D)          8.7
    Effort to implement (E) 12091
    Time to implement (T)   11 minutes
    Est Delivered Bugs (B)  0
    Cyclomatic Complexity   10
    Maintainability (MI)    38

 Segment     Used  Free
-----------  ----  ----
00000-00003     4  0  
00004-007FF   246  1798  
00800-00FFF     0  2048  
01000-017FF     0  2048  
01800-01FFF     0  2048  



